2024-06-26 00:21:02.508 +04:00  INF  Application started. Press Ctrl+C to shut down.
2024-06-26 00:21:02.524 +04:00  INF  Request starting HTTP/2 GET https://localhost:44375/swagger/index.html - -
2024-06-26 00:21:02.542 +04:00  INF  Hosting environment: Development
2024-06-26 00:21:02.543 +04:00  INF  Content root path: C:\Users\ismay\OneDrive\Masaüstü\TaskApp\TaskApp\
2024-06-26 00:21:02.722 +04:00  INF  Request finished HTTP/2 GET https://localhost:44375/swagger/index.html - - - 200 - text/html;charset=utf-8 200.0294ms
2024-06-26 00:21:02.729 +04:00  INF  Request starting HTTP/2 GET https://localhost:44375/_vs/browserLink - -
2024-06-26 00:21:02.729 +04:00  INF  Request starting HTTP/2 GET https://localhost:44375/_framework/aspnetcore-browser-refresh.js - -
2024-06-26 00:21:02.735 +04:00  INF  Request finished HTTP/2 GET https://localhost:44375/_framework/aspnetcore-browser-refresh.js - - - 200 11984 application/javascript;+charset=utf-8 4.4995ms
2024-06-26 00:21:02.765 +04:00  INF  Request finished HTTP/2 GET https://localhost:44375/_vs/browserLink - - - 200 - text/javascript;+charset=UTF-8 35.8010ms
2024-06-26 00:21:02.871 +04:00  INF  Request starting HTTP/2 GET https://localhost:44375/swagger/v1/swagger.json - -
2024-06-26 00:21:02.947 +04:00  INF  Request finished HTTP/2 GET https://localhost:44375/swagger/v1/swagger.json - - - 200 - application/json;charset=utf-8 76.0764ms
2024-06-26 00:21:14.095 +04:00  INF  Request starting HTTP/2 GET https://localhost:44375/swagger/index.html - -
2024-06-26 00:21:14.102 +04:00  INF  Request finished HTTP/2 GET https://localhost:44375/swagger/index.html - - - 200 - text/html;charset=utf-8 7.7197ms
2024-06-26 00:21:14.114 +04:00  INF  Request starting HTTP/2 GET https://localhost:44375/_vs/browserLink - -
2024-06-26 00:21:14.114 +04:00  INF  Request starting HTTP/2 GET https://localhost:44375/_framework/aspnetcore-browser-refresh.js - -
2024-06-26 00:21:14.116 +04:00  INF  Request finished HTTP/2 GET https://localhost:44375/_framework/aspnetcore-browser-refresh.js - - - 200 11984 application/javascript;+charset=utf-8 1.7929ms
2024-06-26 00:21:14.131 +04:00  INF  Request finished HTTP/2 GET https://localhost:44375/_vs/browserLink - - - 200 - text/javascript;+charset=UTF-8 16.0911ms
2024-06-26 00:21:14.287 +04:00  INF  Request starting HTTP/2 GET https://localhost:44375/swagger/v1/swagger.json - -
2024-06-26 00:21:14.291 +04:00  INF  Request finished HTTP/2 GET https://localhost:44375/swagger/v1/swagger.json - - - 200 - application/json;charset=utf-8 4.2112ms
2024-06-26 00:21:22.424 +04:00  INF  Request starting HTTP/2 GET https://localhost:44375/swagger/index.html - -
2024-06-26 00:21:22.428 +04:00  INF  Request finished HTTP/2 GET https://localhost:44375/swagger/index.html - - - 200 - text/html;charset=utf-8 4.5268ms
2024-06-26 00:21:22.648 +04:00  INF  Request starting HTTP/2 GET https://localhost:44375/_vs/browserLink - -
2024-06-26 00:21:22.650 +04:00  INF  Request starting HTTP/2 GET https://localhost:44375/_framework/aspnetcore-browser-refresh.js - -
2024-06-26 00:21:22.651 +04:00  INF  Request finished HTTP/2 GET https://localhost:44375/_framework/aspnetcore-browser-refresh.js - - - 200 11984 application/javascript;+charset=utf-8 0.6850ms
2024-06-26 00:21:22.682 +04:00  INF  Request finished HTTP/2 GET https://localhost:44375/_vs/browserLink - - - 200 - text/javascript;+charset=UTF-8 34.1757ms
2024-06-26 00:21:22.732 +04:00  INF  Request starting HTTP/2 GET https://localhost:44375/swagger/v1/swagger.json - -
2024-06-26 00:21:22.737 +04:00  INF  Request finished HTTP/2 GET https://localhost:44375/swagger/v1/swagger.json - - - 200 - application/json;charset=utf-8 4.2103ms
2024-06-26 00:21:26.031 +04:00  INF  Request starting HTTP/2 GET https://localhost:44375/api/admin/Country/GetAll - -
2024-06-26 00:21:26.047 +04:00  INF  Executing endpoint 'TaskApp.Controllers.Admin.CountryController.GetAll (TaskApp)'
2024-06-26 00:21:26.077 +04:00  INF  Route matched with {action = "GetAll", controller = "Country"}. Executing controller action with signature System.Threading.Tasks.Task`1[Microsoft.AspNetCore.Mvc.IActionResult] GetAll() on controller TaskApp.Controllers.Admin.CountryController (TaskApp).
2024-06-26 00:21:27.631 +04:00  INF  Entity Framework Core 6.0.31 initialized 'AppDbContext' using provider 'Microsoft.EntityFrameworkCore.SqlServer:6.0.31' with options: None
2024-06-26 00:21:27.634 +04:00  INF  Country GetAll method working
2024-06-26 00:21:28.532 +04:00  INF  Executed DbCommand (69ms) [Parameters=[], CommandType='"Text"', CommandTimeout='30']
SELECT [c].[Id], [c].[CreatedDate], [c].[Name], [c].[SoftDeleted]
FROM [Countries] AS [c]
2024-06-26 00:21:28.628 +04:00  INF  Executing OkObjectResult, writing value of type 'System.Collections.Generic.List`1[[Service.DTOs.Admin.Countries.CountryDto, Service, Version=1.0.0.0, Culture=neutral, PublicKeyToken=null]]'.
2024-06-26 00:21:28.648 +04:00  INF  Executed action TaskApp.Controllers.Admin.CountryController.GetAll (TaskApp) in 2560.5531ms
2024-06-26 00:21:28.649 +04:00  INF  Executed endpoint 'TaskApp.Controllers.Admin.CountryController.GetAll (TaskApp)'
2024-06-26 00:21:28.657 +04:00  INF  Request finished HTTP/2 GET https://localhost:44375/api/admin/Country/GetAll - - - 200 - application/json;+charset=utf-8 2625.6119ms
